TN:
SF:/Users/stroutg/git/alpha/src/polyfills.ts
FNF:0
FNH:0
DA:22,1
DA:23,1
DA:24,1
DA:25,1
DA:26,1
DA:27,1
DA:28,1
DA:29,1
DA:30,1
DA:31,1
DA:32,1
DA:33,1
DA:34,1
DA:35,1
DA:38,1
DA:41,1
DA:45,1
DA:81,1
LF:18
LH:18
BRF:0
BRH:0
end_of_record
TN:
SF:/Users/stroutg/git/alpha/src/test.ts
FNF:0
FNH:0
DA:3,1
DA:4,1
DA:5,1
DA:13,1
DA:18,1
DA:20,1
LF:6
LH:6
BRF:0
BRH:0
end_of_record
TN:
SF:/Users/stroutg/git/alpha/src/app/app-routing.module.ts
FN:10,AppRoutingModule
FNF:1
FNH:1
FNDA:3,AppRoutingModule
DA:1,1
DA:2,1
DA:4,1
DA:10,1
LF:4
LH:4
BRF:0
BRH:0
end_of_record
TN:
SF:/Users/stroutg/git/alpha/src/app/app.component.ts
FN:14,AppComponent
FN:17,(anonymous_4)
FNF:2
FNH:2
FNDA:3,AppComponent
FNDA:3,(anonymous_4)
DA:1,1
DA:9,1
DA:17,1
DA:18,3
DA:20,1
LF:5
LH:5
BRF:0
BRH:0
end_of_record
TN:
SF:/Users/stroutg/git/alpha/src/app/app.module.ts
FN:45,AppModule
FNF:1
FNH:1
FNDA:3,AppModule
DA:1,1
DA:2,1
DA:4,1
DA:5,1
DA:7,1
DA:18,1
DA:19,1
DA:45,1
LF:8
LH:8
BRF:0
BRH:0
end_of_record
TN:
SF:/Users/stroutg/git/alpha/src/app/core/services/api-config.service.ts
FN:19,ApiConfigService
FNF:1
FNH:1
FNDA:1,ApiConfigService
DA:2,1
DA:3,1
DA:11,1
DA:19,1
DA:20,1
DA:21,1
DA:23,1
LF:7
LH:7
BRF:0
BRH:0
end_of_record
TN:
SF:/Users/stroutg/git/alpha/src/app/core/services/app-config.service.ts
FN:19,AppConfigService
FN:27,(anonymous_6)
FN:34,(anonymous_7)
FN:41,(anonymous_8)
FNF:4
FNH:1
FNDA:1,AppConfigService
FNDA:0,(anonymous_6)
FNDA:0,(anonymous_7)
FNDA:0,(anonymous_8)
DA:1,1
DA:9,1
DA:19,1
DA:20,1
DA:21,1
DA:27,1
DA:28,0
DA:34,1
DA:35,0
DA:41,1
DA:42,0
DA:44,1
LF:12
LH:9
BRDA:42,0,0,0
BRDA:42,0,1,0
BRF:2
BRH:0
end_of_record
TN:
SF:/Users/stroutg/git/alpha/src/app/core/services/base-client.service.ts
FN:23,BaseClientService
FN:32,(anonymous_10)
FN:42,(anonymous_11)
FN:53,(anonymous_12)
FN:65,(anonymous_13)
FN:76,(anonymous_14)
FNF:6
FNH:1
FNDA:1,BaseClientService
FNDA:0,(anonymous_10)
FNDA:0,(anonymous_11)
FNDA:0,(anonymous_12)
FNDA:0,(anonymous_13)
FNDA:0,(anonymous_14)
DA:1,1
DA:2,1
DA:3,1
DA:4,1
DA:6,1
DA:7,1
DA:15,1
DA:23,1
DA:24,1
DA:32,1
DA:33,0
DA:42,1
DA:43,0
DA:53,1
DA:54,0
DA:55,0
DA:65,1
DA:66,0
DA:67,0
DA:76,1
DA:77,0
DA:78,0
DA:81,1
LF:23
LH:15
BRDA:24,0,0,1
BRDA:24,0,1,1
BRDA:32,1,0,0
BRDA:32,1,1,0
BRDA:42,2,0,0
BRDA:42,2,1,0
BRDA:53,3,0,0
BRDA:53,3,1,0
BRDA:65,4,0,0
BRDA:65,4,1,0
BRDA:76,5,0,0
BRDA:76,5,1,0
BRF:12
BRH:2
end_of_record
TN:
SF:/Users/stroutg/git/alpha/src/app/core/services/base-service.ts
FN:10,(anonymous_2)
FN:12,(anonymous_4)
FN:17,(anonymous_5)
FN:22,(anonymous_6)
FN:27,(anonymous_7)
FN:47,BaseService
FN:59,(anonymous_10)
FN:66,(anonymous_11)
FN:73,(anonymous_12)
FNF:9
FNH:2
FNDA:2,(anonymous_2)
FNDA:0,(anonymous_4)
FNDA:0,(anonymous_5)
FNDA:0,(anonymous_6)
FNDA:0,(anonymous_7)
FNDA:2,BaseService
FNDA:0,(anonymous_10)
FNDA:0,(anonymous_11)
FNDA:0,(anonymous_12)
DA:2,1
DA:3,1
DA:4,1
DA:10,1
DA:12,1
DA:13,0
DA:17,1
DA:18,0
DA:22,1
DA:23,0
DA:27,1
DA:28,0
DA:30,1
DA:32,1
DA:40,1
DA:47,2
DA:60,0
DA:67,0
DA:73,1
DA:74,0
DA:78,1
LF:21
LH:14
BRDA:60,0,0,0
BRDA:60,0,1,0
BRF:2
BRH:0
end_of_record
TN:
SF:/Users/stroutg/git/alpha/src/app/core/services/http-error-handler.service.ts
FN:17,HttpErrorHandlerService
FN:23,(anonymous_4)
FN:24,(anonymous_5)
FN:49,(anonymous_6)
FN:51,(anonymous_7)
FNF:5
FNH:3
FNDA:5,HttpErrorHandlerService
FNDA:3,(anonymous_4)
FNDA:3,(anonymous_5)
FNDA:0,(anonymous_6)
FNDA:0,(anonymous_7)
DA:1,1
DA:2,1
DA:3,1
DA:11,1
DA:17,5
DA:23,3
DA:24,3
DA:25,3
DA:28,1
DA:29,1
DA:30,1
DA:33,1
DA:37,1
DA:40,3
DA:41,3
DA:42,3
DA:49,1
DA:51,0
DA:53,1
LF:19
LH:18
BRDA:31,0,0,2
BRDA:31,0,1,2
BRF:2
BRH:2
end_of_record
TN:
SF:/Users/stroutg/git/alpha/src/app/core/services/language-detection.service.ts
FN:31,LanguageDetectionService
FN:44,(anonymous_4)
FN:51,(anonymous_5)
FN:58,(anonymous_6)
FN:67,(anonymous_7)
FN:77,(anonymous_8)
FN:79,(anonymous_9)
FN:92,(anonymous_10)
FN:99,(anonymous_11)
FN:106,(anonymous_12)
FN:125,(anonymous_13)
FN:126,(anonymous_14)
FN:137,DetectSupportedUserLanguage
FN:144,MaybeLoadLocaleProviders
FN:164,MaybeLoadLocaleProvidersFromQuerymap
FN:184,GetAllSupportedLanguages
FN:190,(anonymous_19)
FNF:17
FNH:1
FNDA:1,LanguageDetectionService
FNDA:0,(anonymous_4)
FNDA:0,(anonymous_5)
FNDA:0,(anonymous_6)
FNDA:0,(anonymous_7)
FNDA:0,(anonymous_8)
FNDA:0,(anonymous_9)
FNDA:0,(anonymous_10)
FNDA:0,(anonymous_11)
FNDA:0,(anonymous_12)
FNDA:0,(anonymous_13)
FNDA:0,(anonymous_14)
FNDA:0,DetectSupportedUserLanguage
FNDA:0,MaybeLoadLocaleProviders
FNDA:0,MaybeLoadLocaleProvidersFromQuerymap
FNDA:0,GetAllSupportedLanguages
FNDA:0,(anonymous_19)
DA:2,1
DA:3,1
DA:16,1
DA:20,1
DA:31,1
DA:33,1
DA:34,1
DA:36,0
DA:37,0
DA:44,1
DA:45,0
DA:51,1
DA:52,0
DA:58,1
DA:60,0
DA:61,0
DA:67,1
DA:68,0
DA:71,0
DA:74,0
DA:77,0
DA:79,0
DA:80,0
DA:84,0
DA:85,0
DA:89,0
DA:92,0
DA:93,0
DA:95,0
DA:99,0
DA:101,0
DA:106,0
DA:109,0
DA:112,0
DA:113,0
DA:115,0
DA:120,0
DA:123,0
DA:126,0
DA:127,0
DA:132,0
DA:134,1
DA:137,1
DA:138,0
DA:139,0
DA:140,0
DA:144,1
DA:145,0
DA:146,0
DA:150,0
DA:151,0
DA:157,0
DA:160,0
DA:164,1
DA:165,0
DA:166,0
DA:170,0
DA:171,0
DA:177,0
DA:180,0
DA:184,1
DA:185,0
DA:187,0
DA:188,0
DA:190,0
DA:191,0
LF:66
LH:16
BRDA:60,0,0,0
BRDA:60,0,1,0
BRDA:119,1,0,0
BRDA:119,1,1,0
BRDA:119,1,2,0
BRDA:124,2,0,0
BRDA:124,2,1,0
BRDA:127,3,0,0
BRDA:127,3,1,0
BRDA:132,4,0,0
BRDA:132,4,1,0
BRDA:166,5,0,0
BRDA:166,5,1,0
BRF:13
BRH:0
end_of_record
TN:
SF:/Users/stroutg/git/alpha/src/app/core/services/remote-logging.service.ts
FN:21,RemoteLoggingService
FN:41,(anonymous_4)
FN:57,(anonymous_5)
FN:64,(anonymous_6)
FN:66,(anonymous_7)
FN:78,(anonymous_8)
FNF:6
FNH:6
FNDA:9,RemoteLoggingService
FNDA:6,(anonymous_4)
FNDA:5,(anonymous_5)
FNDA:1,(anonymous_6)
FNDA:1,(anonymous_7)
FNDA:4,(anonymous_8)
DA:1,1
DA:2,1
DA:3,1
DA:4,1
DA:12,1
DA:21,9
DA:23,9
DA:41,1
DA:47,5
DA:49,1
DA:57,5
DA:59,5
DA:60,5
DA:64,1
DA:66,1
DA:67,1
DA:70,1
DA:73,3
DA:78,1
DA:79,4
DA:80,1
DA:83,1
DA:85,1
LF:23
LH:23
BRDA:59,0,0,4
BRDA:59,0,1,1
BRDA:81,1,0,0
BRDA:81,1,1,1
BRDA:81,2,0,0
BRDA:81,2,1,0
BRF:6
BRH:3
end_of_record
